<?xml version="1.0" encoding="UTF-8"?>
<testsuite xmlns:xsi="http://www.w3.org/2001/XMLSchema-instance" xsi:noNamespaceSchemaLocation="https://maven.apache.org/surefire/maven-surefire-plugin/xsd/surefire-test-report.xsd" version="3.0.1" name="DeleteObjectsTests" time="1.322" tests="2" errors="0" skipped="0" failures="0">
  <properties>
[...]
</properties>
  <testcase name="successfullyDeletePreviouslyCreatedObjectTest" classname="DeleteObjectsTests" time="0.875">
    <system-out><![CDATA[Request method:	POST
Request URI:	https://api.restful-api.dev/objects
Proxy:			<none>
Request params:	<none>
Query params:	<none>
Form params:	<none>
Path params:	<none>
Headers:		Accept=application/json, application/javascript, text/javascript, text/json
				Content-Type=application/json
Cookies:		<none>
Multiparts:		<none>
Body:
{
    "name": "Dell",
    "data": {
        "year": 2025,
        "price": 2499.99,
        "cpu": "i9",
        "hdd_Size": "1 TB"
    }
}
{
    "id": "ff808181932badb60196cf30f748142f",
    "name": "Dell",
    "createdAt": "2025-05-14T14:26:54.920+00:00",
    "data": {
        "year": 2025,
        "price": 2499.99,
        "cpu": "i9",
        "hdd_Size": "1 TB"
    }
}
Request method:	DELETE
Request URI:	https://api.restful-api.dev/objects/ff808181932badb60196cf30f748142f
Proxy:			<none>
Request params:	<none>
Query params:	<none>
Form params:	<none>
Path params:	<none>
Headers:		Accept=application/json, application/javascript, text/javascript, text/json
				Content-Type=application/json
Cookies:		<none>
Multiparts:		<none>
Body:			<none>
]]></system-out>
  </testcase>
  <testcase name="checkErrorMessageWhenPerformingDeleteOnNonExistingObjectTest" classname="DeleteObjectsTests" time="0.446">
    <system-out><![CDATA[Request method:	DELETE
Request URI:	https://api.restful-api.dev/objects/876543
Proxy:			<none>
Request params:	<none>
Query params:	<none>
Form params:	<none>
Path params:	<none>
Headers:		Accept=application/json, application/javascript, text/javascript, text/json
				Content-Type=application/json
Cookies:		<none>
Multiparts:		<none>
Body:			<none>
{
    "error": "Object with id = 876543 doesn't exist."
}
]]></system-out>
  </testcase>
</testsuite>